<?xml version="1.0" encoding="UTF-8"?>
<!-- Generated by org.testng.reporters.JUnitReportReporter -->
<testsuite hostname="NBSG0009KB-TP" failures="0" tests="1" name="OrangeHRM.Test3" time="3.301" errors="0" timestamp="2020-11-21T15:09:03 IST" skipped="0">
  <testcase classname="OrangeHRM.Test3" name="check" time="3.301"/>
</testsuite> <!-- OrangeHRM.Test3 -->
