<?xml version="1.0" encoding="UTF-8"?>
<!-- Generated by org.testng.reporters.JUnitReportReporter -->
<testsuite hostname="NBSG0009KB-TP" failures="0" tests="1" name="hrm_project.Activity1" time="2.158" errors="0" timestamp="2020-11-21T13:59:02 IST" skipped="0">
  <testcase classname="hrm_project.Activity1" name="f" time="2.158"/>
</testsuite> <!-- hrm_project.Activity1 -->
