<?xml version="1.0" encoding="UTF-8"?>
<!-- Generated by org.testng.reporters.JUnitReportReporter -->
<testsuite hostname="NBSG0009KB-TP" failures="0" tests="1" name="OrangeHRM.Test1" time="1.987" errors="0" timestamp="2020-11-21T15:09:03 IST" skipped="0">
  <testcase classname="OrangeHRM.Test1" name="check" time="1.987"/>
</testsuite> <!-- OrangeHRM.Test1 -->
