<?xml version="1.0" encoding="UTF-8"?>
<!-- Generated by org.testng.reporters.JUnitReportReporter -->
<testsuite hostname="NBSG0009KB-TP" failures="0" tests="1" name="OrangeHRM.Test9" time="8.782" errors="0" timestamp="2020-11-21T15:13:16 IST" skipped="0">
  <testcase classname="OrangeHRM.Test9" name="test" time="8.782"/>
</testsuite> <!-- OrangeHRM.Test9 -->
